<?xml version="1.0" encoding="UTF-8" ?>
<testsuites errors="1"
            failures="1"
            tests="1">

  <testsuite name="uber"
    errors="1" failures="1" hostname="" id="" package="uber" skipped="0"
    tests="1" time="8.762" timestamp="">
  
    <testcase name="Demo test uber.com" classname="uber" time="8.762" assertions="3">

    

      <failure message="Testing if element &lt;input[type=search]&gt; is visible in 5000ms - expected &#34;is visible&#34; but got: &#34;element could not be located&#34; (5128ms)">    at DescribeInstance.&lt;anonymous&gt; (/Users/valentinbonamy/Documents/2.GitHub/mds_b3_bonamy_valentin_dev_end2end/tests/uber.js:9:17)
    at processTicksAndRejections (node:internal/process/task_queues:94:5)</failure>

    
    <error message="Error while running &#34;visible&#34; command: Testing if element [0;33m&lt;input[type=search]&gt;[0m is visible in 5000ms - expected [0;32m&#34;is visible&#34;[0m but got: [0;31m&#34;element could not be located&#34;[0m [0;90m(5128ms)[0m" type="error"><![CDATA[
        at DescribeInstance.&lt;anonymous&gt; (/Users/valentinbonamy/Documents/2.GitHub/mds_b3_bonamy_valentin_dev_end2end/tests/uber.js:9:17)
    at processTicksAndRejections (node:internal/process/task_queues:94:5)
    ]]></error>
    
    </testcase>
  

  
    <system-err>
        NoSuchElementError: An error occurred while running .isVisible() command on &lt;input[type=search]&gt;: 
   {&#34;sessionId&#34;:&#34;dd771735a729ac08434f928381c4681a60db7f79&#34;,&#34;state&#34;:&#34;success&#34;,&#34;hCode&#34;:13176882,&#34;value&#34;:[],&#34;class&#34;:&#34;org.openqa.selenium.remote.Response&#34;,&#34;status&#34;:0}
       at processTicksAndRejections (node:internal/process/task_queues:94:5)
    </system-err>
  

    

  
  </testsuite>
</testsuites>
